<?xml version="1.0" encoding="UTF-8"?>
<testsuite xmlns:xsi="http://www.w3.org/2001/XMLSchema-instance" xsi:noNamespaceSchemaLocation="https://maven.apache.org/surefire/maven-surefire-plugin/xsd/surefire-test-report.xsd" version="3.0.2" name="TestSuite" time="35.471" tests="2" errors="0" skipped="0" failures="0">
  <properties>
    <property name="java.specification.version" value="24"/>
    <property name="sun.cpu.isalist" value="amd64"/>
    <property name="sun.jnu.encoding" value="Cp1252"/>
    <property name="sun.awt.enableExtraMouseButtons" value="true"/>
    <property name="java.class.path" value="C:\Eclipse_workspace\Selenium webdriverautomation\OpenCart121\target\test-classes;C:\Eclipse_workspace\Selenium webdriverautomation\OpenCart121\target\classes;C:\Users\Tosbir Khan\.m2\repository\junit\junit\3.8.1\junit-3.8.1.jar;C:\Users\Tosbir Khan\.m2\repository\org\seleniumhq\selenium\selenium-java\4.36.0\selenium-java-4.36.0.jar;C:\Users\Tosbir Khan\.m2\repository\org\seleniumhq\selenium\selenium-api\4.36.0\selenium-api-4.36.0.jar;C:\Users\Tosbir Khan\.m2\repository\org\jspecify\jspecify\1.0.0\jspecify-1.0.0.jar;C:\Users\Tosbir Khan\.m2\repository\org\seleniumhq\selenium\selenium-chrome-driver\4.36.0\selenium-chrome-driver-4.36.0.jar;C:\Users\Tosbir Khan\.m2\repository\com\google\auto\service\auto-service-annotations\1.1.1\auto-service-annotations-1.1.1.jar;C:\Users\Tosbir Khan\.m2\repository\org\seleniumhq\selenium\selenium-chromium-driver\4.36.0\selenium-chromium-driver-4.36.0.jar;C:\Users\Tosbir Khan\.m2\repository\org\seleniumhq\selenium\selenium-json\4.36.0\selenium-json-4.36.0.jar;C:\Users\Tosbir Khan\.m2\repository\org\seleniumhq\selenium\selenium-manager\4.36.0\selenium-manager-4.36.0.jar;C:\Users\Tosbir Khan\.m2\repository\org\seleniumhq\selenium\selenium-devtools-v138\4.36.0\selenium-devtools-v138-4.36.0.jar;C:\Users\Tosbir Khan\.m2\repository\org\seleniumhq\selenium\selenium-devtools-v139\4.36.0\selenium-devtools-v139-4.36.0.jar;C:\Users\Tosbir Khan\.m2\repository\org\seleniumhq\selenium\selenium-devtools-v140\4.36.0\selenium-devtools-v140-4.36.0.jar;C:\Users\Tosbir Khan\.m2\repository\org\seleniumhq\selenium\selenium-edge-driver\4.36.0\selenium-edge-driver-4.36.0.jar;C:\Users\Tosbir Khan\.m2\repository\org\seleniumhq\selenium\selenium-firefox-driver\4.36.0\selenium-firefox-driver-4.36.0.jar;C:\Users\Tosbir Khan\.m2\repository\org\seleniumhq\selenium\selenium-http\4.36.0\selenium-http-4.36.0.jar;C:\Users\Tosbir Khan\.m2\repository\org\seleniumhq\selenium\selenium-ie-driver\4.36.0\selenium-ie-driver-4.36.0.jar;C:\Users\Tosbir Khan\.m2\repository\org\seleniumhq\selenium\selenium-remote-driver\4.36.0\selenium-remote-driver-4.36.0.jar;C:\Users\Tosbir Khan\.m2\repository\com\google\guava\guava\33.5.0-jre\guava-33.5.0-jre.jar;C:\Users\Tosbir Khan\.m2\repository\com\google\guava\failureaccess\1.0.3\failureaccess-1.0.3.jar;C:\Users\Tosbir Khan\.m2\repository\com\google\guava\listenablefuture\9999.0-empty-to-avoid-conflict-with-guava\listenablefuture-9999.0-empty-to-avoid-conflict-with-guava.jar;C:\Users\Tosbir Khan\.m2\repository\com\google\errorprone\error_prone_annotations\2.41.0\error_prone_annotations-2.41.0.jar;C:\Users\Tosbir Khan\.m2\repository\com\google\j2objc\j2objc-annotations\3.1\j2objc-annotations-3.1.jar;C:\Users\Tosbir Khan\.m2\repository\io\opentelemetry\opentelemetry-api\1.54.0\opentelemetry-api-1.54.0.jar;C:\Users\Tosbir Khan\.m2\repository\io\opentelemetry\opentelemetry-context\1.54.0\opentelemetry-context-1.54.0.jar;C:\Users\Tosbir Khan\.m2\repository\io\opentelemetry\opentelemetry-common\1.54.0\opentelemetry-common-1.54.0.jar;C:\Users\Tosbir Khan\.m2\repository\io\opentelemetry\opentelemetry-exporter-logging\1.54.0\opentelemetry-exporter-logging-1.54.0.jar;C:\Users\Tosbir Khan\.m2\repository\io\opentelemetry\opentelemetry-sdk-common\1.54.0\opentelemetry-sdk-common-1.54.0.jar;C:\Users\Tosbir Khan\.m2\repository\io\opentelemetry\opentelemetry-sdk-extension-autoconfigure-spi\1.54.0\opentelemetry-sdk-extension-autoconfigure-spi-1.54.0.jar;C:\Users\Tosbir Khan\.m2\repository\io\opentelemetry\opentelemetry-sdk-extension-autoconfigure\1.54.0\opentelemetry-sdk-extension-autoconfigure-1.54.0.jar;C:\Users\Tosbir Khan\.m2\repository\io\opentelemetry\opentelemetry-sdk-trace\1.54.0\opentelemetry-sdk-trace-1.54.0.jar;C:\Users\Tosbir Khan\.m2\repository\io\opentelemetry\opentelemetry-sdk\1.54.0\opentelemetry-sdk-1.54.0.jar;C:\Users\Tosbir Khan\.m2\repository\io\opentelemetry\opentelemetry-sdk-metrics\1.54.0\opentelemetry-sdk-metrics-1.54.0.jar;C:\Users\Tosbir Khan\.m2\repository\io\opentelemetry\opentelemetry-sdk-logs\1.54.0\opentelemetry-sdk-logs-1.54.0.jar;C:\Users\Tosbir Khan\.m2\repository\net\bytebuddy\byte-buddy\1.17.7\byte-buddy-1.17.7.jar;C:\Users\Tosbir Khan\.m2\repository\org\seleniumhq\selenium\selenium-os\4.36.0\selenium-os-4.36.0.jar;C:\Users\Tosbir Khan\.m2\repository\org\apache\commons\commons-exec\1.5.0\commons-exec-1.5.0.jar;C:\Users\Tosbir Khan\.m2\repository\org\seleniumhq\selenium\selenium-safari-driver\4.36.0\selenium-safari-driver-4.36.0.jar;C:\Users\Tosbir Khan\.m2\repository\org\seleniumhq\selenium\selenium-support\4.36.0\selenium-support-4.36.0.jar;C:\Users\Tosbir Khan\.m2\repository\org\apache\poi\poi\5.4.1\poi-5.4.1.jar;C:\Users\Tosbir Khan\.m2\repository\commons-codec\commons-codec\1.18.0\commons-codec-1.18.0.jar;C:\Users\Tosbir Khan\.m2\repository\org\apache\commons\commons-collections4\4.4\commons-collections4-4.4.jar;C:\Users\Tosbir Khan\.m2\repository\org\apache\commons\commons-math3\3.6.1\commons-math3-3.6.1.jar;C:\Users\Tosbir Khan\.m2\repository\com\zaxxer\SparseBitSet\1.3\SparseBitSet-1.3.jar;C:\Users\Tosbir Khan\.m2\repository\org\apache\poi\poi-ooxml\5.4.1\poi-ooxml-5.4.1.jar;C:\Users\Tosbir Khan\.m2\repository\org\apache\poi\poi-ooxml-lite\5.4.1\poi-ooxml-lite-5.4.1.jar;C:\Users\Tosbir Khan\.m2\repository\org\apache\xmlbeans\xmlbeans\5.3.0\xmlbeans-5.3.0.jar;C:\Users\Tosbir Khan\.m2\repository\org\apache\commons\commons-compress\1.27.1\commons-compress-1.27.1.jar;C:\Users\Tosbir Khan\.m2\repository\com\github\virtuald\curvesapi\1.08\curvesapi-1.08.jar;C:\Users\Tosbir Khan\.m2\repository\org\apache\logging\log4j\log4j-core\3.0.0-beta3\log4j-core-3.0.0-beta3.jar;C:\Users\Tosbir Khan\.m2\repository\org\apache\logging\log4j\log4j-kit\3.0.0-beta3\log4j-kit-3.0.0-beta3.jar;C:\Users\Tosbir Khan\.m2\repository\org\apache\logging\log4j\log4j-plugins\3.0.0-beta3\log4j-plugins-3.0.0-beta3.jar;C:\Users\Tosbir Khan\.m2\repository\org\apache\logging\log4j\log4j-api\2.25.2\log4j-api-2.25.2.jar;C:\Users\Tosbir Khan\.m2\repository\org\apache\logging\log4j\log4j-slf4j-impl\3.0.0-beta2\log4j-slf4j-impl-3.0.0-beta2.jar;C:\Users\Tosbir Khan\.m2\repository\org\slf4j\slf4j-api\1.7.36\slf4j-api-1.7.36.jar;C:\Users\Tosbir Khan\.m2\repository\com\aventstack\extentreports\5.1.2\extentreports-5.1.2.jar;C:\Users\Tosbir Khan\.m2\repository\io\reactivex\rxjava3\rxjava\3.1.6\rxjava-3.1.6.jar;C:\Users\Tosbir Khan\.m2\repository\org\reactivestreams\reactive-streams\1.0.4\reactive-streams-1.0.4.jar;C:\Users\Tosbir Khan\.m2\repository\org\freemarker\freemarker\2.3.32\freemarker-2.3.32.jar;C:\Users\Tosbir Khan\.m2\repository\org\projectlombok\lombok\1.18.26\lombok-1.18.26.jar;C:\Users\Tosbir Khan\.m2\repository\com\google\code\gson\gson\2.10.1\gson-2.10.1.jar;C:\Users\Tosbir Khan\.m2\repository\org\testng\testng\7.11.0\testng-7.11.0.jar;C:\Users\Tosbir Khan\.m2\repository\org\jcommander\jcommander\1.83\jcommander-1.83.jar;C:\Users\Tosbir Khan\.m2\repository\org\webjars\jquery\3.7.1\jquery-3.7.1.jar;C:\Users\Tosbir Khan\.m2\repository\commons-io\commons-io\2.20.0\commons-io-2.20.0.jar;C:\Users\Tosbir Khan\.m2\repository\org\apache\commons\commons-lang3\3.19.0\commons-lang3-3.19.0.jar;"/>
    <property name="java.vm.vendor" value="Oracle Corporation"/>
    <property name="sun.arch.data.model" value="64"/>
    <property name="user.variant" value=""/>
    <property name="java.vendor.url" value="https://java.oracle.com/"/>
    <property name="user.timezone" value="Asia/Calcutta"/>
    <property name="os.name" value="Windows 11"/>
    <property name="java.vm.specification.version" value="24"/>
    <property name="sun.java.launcher" value="SUN_STANDARD"/>
    <property name="user.country" value="IN"/>
    <property name="sun.boot.library.path" value="C:\Program Files\Java\jdk-24\bin"/>
    <property name="sun.java.command" value="C:\Users\Tosbir Khan\AppData\Local\Temp\surefire18249199437108219970\surefirebooter-20251019185709234_3.jar C:\Users\Tosbir Khan\AppData\Local\Temp\surefire18249199437108219970 2025-10-19T18-57-09_074-jvmRun1 surefire-20251019185709234_1tmp surefire_0-20251019185709234_2tmp"/>
    <property name="jdk.debug" value="release"/>
    <property name="surefire.test.class.path" value="C:\Eclipse_workspace\Selenium webdriverautomation\OpenCart121\target\test-classes;C:\Eclipse_workspace\Selenium webdriverautomation\OpenCart121\target\classes;C:\Users\Tosbir Khan\.m2\repository\junit\junit\3.8.1\junit-3.8.1.jar;C:\Users\Tosbir Khan\.m2\repository\org\seleniumhq\selenium\selenium-java\4.36.0\selenium-java-4.36.0.jar;C:\Users\Tosbir Khan\.m2\repository\org\seleniumhq\selenium\selenium-api\4.36.0\selenium-api-4.36.0.jar;C:\Users\Tosbir Khan\.m2\repository\org\jspecify\jspecify\1.0.0\jspecify-1.0.0.jar;C:\Users\Tosbir Khan\.m2\repository\org\seleniumhq\selenium\selenium-chrome-driver\4.36.0\selenium-chrome-driver-4.36.0.jar;C:\Users\Tosbir Khan\.m2\repository\com\google\auto\service\auto-service-annotations\1.1.1\auto-service-annotations-1.1.1.jar;C:\Users\Tosbir Khan\.m2\repository\org\seleniumhq\selenium\selenium-chromium-driver\4.36.0\selenium-chromium-driver-4.36.0.jar;C:\Users\Tosbir Khan\.m2\repository\org\seleniumhq\selenium\selenium-json\4.36.0\selenium-json-4.36.0.jar;C:\Users\Tosbir Khan\.m2\repository\org\seleniumhq\selenium\selenium-manager\4.36.0\selenium-manager-4.36.0.jar;C:\Users\Tosbir Khan\.m2\repository\org\seleniumhq\selenium\selenium-devtools-v138\4.36.0\selenium-devtools-v138-4.36.0.jar;C:\Users\Tosbir Khan\.m2\repository\org\seleniumhq\selenium\selenium-devtools-v139\4.36.0\selenium-devtools-v139-4.36.0.jar;C:\Users\Tosbir Khan\.m2\repository\org\seleniumhq\selenium\selenium-devtools-v140\4.36.0\selenium-devtools-v140-4.36.0.jar;C:\Users\Tosbir Khan\.m2\repository\org\seleniumhq\selenium\selenium-edge-driver\4.36.0\selenium-edge-driver-4.36.0.jar;C:\Users\Tosbir Khan\.m2\repository\org\seleniumhq\selenium\selenium-firefox-driver\4.36.0\selenium-firefox-driver-4.36.0.jar;C:\Users\Tosbir Khan\.m2\repository\org\seleniumhq\selenium\selenium-http\4.36.0\selenium-http-4.36.0.jar;C:\Users\Tosbir Khan\.m2\repository\org\seleniumhq\selenium\selenium-ie-driver\4.36.0\selenium-ie-driver-4.36.0.jar;C:\Users\Tosbir Khan\.m2\repository\org\seleniumhq\selenium\selenium-remote-driver\4.36.0\selenium-remote-driver-4.36.0.jar;C:\Users\Tosbir Khan\.m2\repository\com\google\guava\guava\33.5.0-jre\guava-33.5.0-jre.jar;C:\Users\Tosbir Khan\.m2\repository\com\google\guava\failureaccess\1.0.3\failureaccess-1.0.3.jar;C:\Users\Tosbir Khan\.m2\repository\com\google\guava\listenablefuture\9999.0-empty-to-avoid-conflict-with-guava\listenablefuture-9999.0-empty-to-avoid-conflict-with-guava.jar;C:\Users\Tosbir Khan\.m2\repository\com\google\errorprone\error_prone_annotations\2.41.0\error_prone_annotations-2.41.0.jar;C:\Users\Tosbir Khan\.m2\repository\com\google\j2objc\j2objc-annotations\3.1\j2objc-annotations-3.1.jar;C:\Users\Tosbir Khan\.m2\repository\io\opentelemetry\opentelemetry-api\1.54.0\opentelemetry-api-1.54.0.jar;C:\Users\Tosbir Khan\.m2\repository\io\opentelemetry\opentelemetry-context\1.54.0\opentelemetry-context-1.54.0.jar;C:\Users\Tosbir Khan\.m2\repository\io\opentelemetry\opentelemetry-common\1.54.0\opentelemetry-common-1.54.0.jar;C:\Users\Tosbir Khan\.m2\repository\io\opentelemetry\opentelemetry-exporter-logging\1.54.0\opentelemetry-exporter-logging-1.54.0.jar;C:\Users\Tosbir Khan\.m2\repository\io\opentelemetry\opentelemetry-sdk-common\1.54.0\opentelemetry-sdk-common-1.54.0.jar;C:\Users\Tosbir Khan\.m2\repository\io\opentelemetry\opentelemetry-sdk-extension-autoconfigure-spi\1.54.0\opentelemetry-sdk-extension-autoconfigure-spi-1.54.0.jar;C:\Users\Tosbir Khan\.m2\repository\io\opentelemetry\opentelemetry-sdk-extension-autoconfigure\1.54.0\opentelemetry-sdk-extension-autoconfigure-1.54.0.jar;C:\Users\Tosbir Khan\.m2\repository\io\opentelemetry\opentelemetry-sdk-trace\1.54.0\opentelemetry-sdk-trace-1.54.0.jar;C:\Users\Tosbir Khan\.m2\repository\io\opentelemetry\opentelemetry-sdk\1.54.0\opentelemetry-sdk-1.54.0.jar;C:\Users\Tosbir Khan\.m2\repository\io\opentelemetry\opentelemetry-sdk-metrics\1.54.0\opentelemetry-sdk-metrics-1.54.0.jar;C:\Users\Tosbir Khan\.m2\repository\io\opentelemetry\opentelemetry-sdk-logs\1.54.0\opentelemetry-sdk-logs-1.54.0.jar;C:\Users\Tosbir Khan\.m2\repository\net\bytebuddy\byte-buddy\1.17.7\byte-buddy-1.17.7.jar;C:\Users\Tosbir Khan\.m2\repository\org\seleniumhq\selenium\selenium-os\4.36.0\selenium-os-4.36.0.jar;C:\Users\Tosbir Khan\.m2\repository\org\apache\commons\commons-exec\1.5.0\commons-exec-1.5.0.jar;C:\Users\Tosbir Khan\.m2\repository\org\seleniumhq\selenium\selenium-safari-driver\4.36.0\selenium-safari-driver-4.36.0.jar;C:\Users\Tosbir Khan\.m2\repository\org\seleniumhq\selenium\selenium-support\4.36.0\selenium-support-4.36.0.jar;C:\Users\Tosbir Khan\.m2\repository\org\apache\poi\poi\5.4.1\poi-5.4.1.jar;C:\Users\Tosbir Khan\.m2\repository\commons-codec\commons-codec\1.18.0\commons-codec-1.18.0.jar;C:\Users\Tosbir Khan\.m2\repository\org\apache\commons\commons-collections4\4.4\commons-collections4-4.4.jar;C:\Users\Tosbir Khan\.m2\repository\org\apache\commons\commons-math3\3.6.1\commons-math3-3.6.1.jar;C:\Users\Tosbir Khan\.m2\repository\com\zaxxer\SparseBitSet\1.3\SparseBitSet-1.3.jar;C:\Users\Tosbir Khan\.m2\repository\org\apache\poi\poi-ooxml\5.4.1\poi-ooxml-5.4.1.jar;C:\Users\Tosbir Khan\.m2\repository\org\apache\poi\poi-ooxml-lite\5.4.1\poi-ooxml-lite-5.4.1.jar;C:\Users\Tosbir Khan\.m2\repository\org\apache\xmlbeans\xmlbeans\5.3.0\xmlbeans-5.3.0.jar;C:\Users\Tosbir Khan\.m2\repository\org\apache\commons\commons-compress\1.27.1\commons-compress-1.27.1.jar;C:\Users\Tosbir Khan\.m2\repository\com\github\virtuald\curvesapi\1.08\curvesapi-1.08.jar;C:\Users\Tosbir Khan\.m2\repository\org\apache\logging\log4j\log4j-core\3.0.0-beta3\log4j-core-3.0.0-beta3.jar;C:\Users\Tosbir Khan\.m2\repository\org\apache\logging\log4j\log4j-kit\3.0.0-beta3\log4j-kit-3.0.0-beta3.jar;C:\Users\Tosbir Khan\.m2\repository\org\apache\logging\log4j\log4j-plugins\3.0.0-beta3\log4j-plugins-3.0.0-beta3.jar;C:\Users\Tosbir Khan\.m2\repository\org\apache\logging\log4j\log4j-api\2.25.2\log4j-api-2.25.2.jar;C:\Users\Tosbir Khan\.m2\repository\org\apache\logging\log4j\log4j-slf4j-impl\3.0.0-beta2\log4j-slf4j-impl-3.0.0-beta2.jar;C:\Users\Tosbir Khan\.m2\repository\org\slf4j\slf4j-api\1.7.36\slf4j-api-1.7.36.jar;C:\Users\Tosbir Khan\.m2\repository\com\aventstack\extentreports\5.1.2\extentreports-5.1.2.jar;C:\Users\Tosbir Khan\.m2\repository\io\reactivex\rxjava3\rxjava\3.1.6\rxjava-3.1.6.jar;C:\Users\Tosbir Khan\.m2\repository\org\reactivestreams\reactive-streams\1.0.4\reactive-streams-1.0.4.jar;C:\Users\Tosbir Khan\.m2\repository\org\freemarker\freemarker\2.3.32\freemarker-2.3.32.jar;C:\Users\Tosbir Khan\.m2\repository\org\projectlombok\lombok\1.18.26\lombok-1.18.26.jar;C:\Users\Tosbir Khan\.m2\repository\com\google\code\gson\gson\2.10.1\gson-2.10.1.jar;C:\Users\Tosbir Khan\.m2\repository\org\testng\testng\7.11.0\testng-7.11.0.jar;C:\Users\Tosbir Khan\.m2\repository\org\jcommander\jcommander\1.83\jcommander-1.83.jar;C:\Users\Tosbir Khan\.m2\repository\org\webjars\jquery\3.7.1\jquery-3.7.1.jar;C:\Users\Tosbir Khan\.m2\repository\commons-io\commons-io\2.20.0\commons-io-2.20.0.jar;C:\Users\Tosbir Khan\.m2\repository\org\apache\commons\commons-lang3\3.19.0\commons-lang3-3.19.0.jar;"/>
    <property name="sun.cpu.endian" value="little"/>
    <property name="user.home" value="C:\Users\Tosbir Khan"/>
    <property name="user.language" value="en"/>
    <property name="java.specification.vendor" value="Oracle Corporation"/>
    <property name="java.version.date" value="2025-04-15"/>
    <property name="java.home" value="C:\Program Files\Java\jdk-24"/>
    <property name="file.separator" value="\"/>
    <property name="basedir" value="C:\Eclipse_workspace\Selenium webdriverautomation\OpenCart121"/>
    <property name="java.vm.compressedOopsMode" value="32-bit"/>
    <property name="line.separator" value="&#10;"/>
    <property name="java.vm.specification.vendor" value="Oracle Corporation"/>
    <property name="java.specification.name" value="Java Platform API Specification"/>
    <property name="surefire.real.class.path" value="C:\Users\Tosbir Khan\AppData\Local\Temp\surefire18249199437108219970\surefirebooter-20251019185709234_3.jar"/>
    <property name="user.script" value=""/>
    <property name="sun.management.compiler" value="HotSpot 64-Bit Tiered Compilers"/>
    <property name="java.runtime.version" value="24.0.1+9-30"/>
    <property name="user.name" value="Tosbir Khan"/>
    <property name="stdout.encoding" value="Cp1252"/>
    <property name="path.separator" value=";"/>
    <property name="os.version" value="10.0"/>
    <property name="java.runtime.name" value="Java(TM) SE Runtime Environment"/>
    <property name="file.encoding" value="UTF-8"/>
    <property name="java.vm.name" value="Java HotSpot(TM) 64-Bit Server VM"/>
    <property name="localRepository" value="C:\Users\Tosbir Khan\.m2\repository"/>
    <property name="java.vendor.url.bug" value="https://bugreport.java.com/bugreport/"/>
    <property name="java.io.tmpdir" value="C:\Users\TOSBIR~1\AppData\Local\Temp\"/>
    <property name="java.version" value="24.0.1"/>
    <property name="user.dir" value="C:\Eclipse_workspace\Selenium webdriverautomation\OpenCart121"/>
    <property name="os.arch" value="amd64"/>
    <property name="java.vm.specification.name" value="Java Virtual Machine Specification"/>
    <property name="sun.os.patch.level" value=""/>
    <property name="native.encoding" value="Cp1252"/>
    <property name="java.library.path" value="C:\Program Files\Java\jdk-24\bin;C:\windows\Sun\Java\bin;C:\windows\system32;C:\windows;C:\Program Files\Common Files\Oracle\Java\javapath;C:\windows\system32;C:\windows;C:\windows\System32\Wbem;C:\windows\System32\WindowsPowerShell\v1.0\;C:\windows\System32\OpenSSH\;C:\Program Files\Java\jdk-24\bin;C:\Program Files\Git\cmd;C:\Program Files\nodejs\;C:\Program Files\apache-maven-3.9.11\bin;C:\Users\Tosbir Khan\AppData\Local\Microsoft\WindowsApps;C:\Users\Tosbir Khan\AppData\Roaming\npm;."/>
    <property name="java.vm.info" value="mixed mode, sharing"/>
    <property name="stderr.encoding" value="Cp1252"/>
    <property name="java.vendor" value="Oracle Corporation"/>
    <property name="java.vm.version" value="24.0.1+9-30"/>
    <property name="sun.io.unicode.encoding" value="UnicodeLittle"/>
    <property name="java.class.version" value="68.0"/>
  </properties>
  <testcase name="verify_Account_registration" classname="testCases.TC_001AccountRegistrationTest" time="14.492">
    <system-out><![CDATA[2025-10-19T13:27:10.724957700Z main INFO Starting LoggerContext[name=11a4022a] with configuration XmlConfiguration[location=C:\Eclipse_workspace\Selenium webdriverautomation\OpenCart121\target\test-classes\log4j2.xml, lastModified=2025-10-17T09:41:17.343Z]...
2025-10-19T13:27:10.728959200Z main DEBUG Shutdown hook enabled. Registering a new one.
2025-10-19T13:27:10.757957500Z main DEBUG Apache Log4j Core 3.0 initializing configuration XmlConfiguration[location=C:\Eclipse_workspace\Selenium webdriverautomation\OpenCart121\target\test-classes\log4j2.xml, lastModified=2025-10-17T09:41:17.343Z]
2025-10-19T13:27:10.760957600Z main DEBUG Discovered 96 plugins in namespace 'Core'
2025-10-19T13:27:10.762957700Z main DEBUG Discovered 0 plugins in namespace 'Level'
2025-10-19T13:27:10.770957700Z main ERROR Error processing element Appender ([Appenders: null]): CLASS_NOT_FOUND
2025-10-19T13:27:10.771957700Z main ERROR Error processing element Appender ([Appenders: null]): CLASS_NOT_FOUND
2025-10-19T13:27:10.771957700Z main ERROR Error processing element Filter ([Logger: null]): CLASS_NOT_FOUND
2025-10-19T13:27:10.784958200Z main DEBUG Configuring child nodes of Properties
2025-10-19T13:27:10.786957500Z main DEBUG Configuring child nodes of Property
2025-10-19T13:27:10.786957500Z main DEBUG Configured child nodes of Property
2025-10-19T13:27:10.806957600Z main DEBUG Discovered 18 plugins in namespace 'TypeConverter'
2025-10-19T13:27:10.833919600Z main DEBUG Configured child nodes of Properties
2025-10-19T13:27:10.843431700Z main DEBUG Configuring child nodes of Appenders
2025-10-19T13:27:10.843431700Z main DEBUG Configured child nodes of Appenders
2025-10-19T13:27:10.852221100Z main ERROR Appenders contains an invalid element or attribute "Appender"
2025-10-19T13:27:10.852221100Z main DEBUG Configuring child nodes of Loggers
2025-10-19T13:27:10.852221100Z main DEBUG Configuring child nodes of Logger
2025-10-19T13:27:10.853493800Z main DEBUG Configuring child nodes of AppenderRef
2025-10-19T13:27:10.853493800Z main DEBUG Configured child nodes of AppenderRef
2025-10-19T13:27:10.859493400Z main DEBUG Configured child nodes of Logger
2025-10-19T13:27:10.874648400Z main DEBUG Configuring child nodes of Logger
2025-10-19T13:27:10.875650700Z main DEBUG Configuring child nodes of AppenderRef
2025-10-19T13:27:10.875650700Z main DEBUG Configured child nodes of AppenderRef
2025-10-19T13:27:10.876654600Z main DEBUG Configured child nodes of Logger
2025-10-19T13:27:10.881694900Z main DEBUG Configuring child nodes of Root
2025-10-19T13:27:10.881694900Z main DEBUG Configuring child nodes of AppenderRef
2025-10-19T13:27:10.882697200Z main DEBUG Configured child nodes of AppenderRef
2025-10-19T13:27:10.885091Z main DEBUG Configured child nodes of Root
2025-10-19T13:27:10.890808800Z main DEBUG Configured child nodes of Loggers
2025-10-19T13:27:10.892953300Z main ERROR Unable to locate appender "STDOUT" for logger config "org.apache.logging.log4j.test1"
2025-10-19T13:27:10.892953300Z main ERROR Unable to locate appender "FileAppender" for logger config "root"
2025-10-19T13:27:10.892953300Z main ERROR Unable to locate appender "FileAppender" for logger config "org.apache.logging.log4j.test2"
2025-10-19T13:27:10.892953300Z main DEBUG Configuration XmlConfiguration[location=C:\Eclipse_workspace\Selenium webdriverautomation\OpenCart121\target\test-classes\log4j2.xml, lastModified=2025-10-17T09:41:17.343Z] initialized
2025-10-19T13:27:10.893951800Z main INFO Starting configuration XmlConfiguration[location=C:\Eclipse_workspace\Selenium webdriverautomation\OpenCart121\target\test-classes\log4j2.xml, lastModified=2025-10-17T09:41:17.343Z]...
2025-10-19T13:27:10.893951800Z main INFO Start watching for changes to C:\Eclipse_workspace\Selenium webdriverautomation\OpenCart121\target\test-classes\log4j2.xml every 0 seconds
2025-10-19T13:27:10.893951800Z main INFO Configuration XmlConfiguration[location=C:\Eclipse_workspace\Selenium webdriverautomation\OpenCart121\target\test-classes\log4j2.xml, lastModified=2025-10-17T09:41:17.343Z] started.
2025-10-19T13:27:10.894954400Z main INFO Stopping configuration DefaultConfiguration...
2025-10-19T13:27:10.895955100Z main DEBUG Shutting down OutputStreamManager SYSTEM_OUT.false.false-1
2025-10-19T13:27:10.896969500Z main DEBUG OutputStream closed
2025-10-19T13:27:10.896969500Z main DEBUG Shut down OutputStreamManager SYSTEM_OUT.false.false-1, all resources released: true
2025-10-19T13:27:10.896969500Z main DEBUG Appender DefaultConsole-1 stopped with status true
2025-10-19T13:27:10.896969500Z main INFO Configuration DefaultConfiguration stopped.
2025-10-19T13:27:10.897969700Z main INFO LoggerContext[name=11a4022a] started with configuration XmlConfiguration[location=C:\Eclipse_workspace\Selenium webdriverautomation\OpenCart121\target\test-classes\log4j2.xml, lastModified=2025-10-17T09:41:17.343Z].
]]></system-out>
    <system-err><![CDATA[Oct 19, 2025 6:57:13 PM org.openqa.selenium.devtools.CdpVersionFinder findNearestMatch
WARNING: Unable to find an exact match for CDP version 141, returning the closest version; found: 140; Please update to a Selenium version that supports CDP version 141
]]></system-err>
  </testcase>
  <testcase name="verify_login" classname="testCases.TC_002_login_test" time="11.632">
    <system-err><![CDATA[Oct 19, 2025 6:57:30 PM org.openqa.selenium.devtools.CdpVersionFinder findNearestMatch
WARNING: Unable to find an exact match for CDP version 141, returning the closest version; found: 140; Please update to a Selenium version that supports CDP version 141
]]></system-err>
  </testcase>
</testsuite>