<?xml version="1.0" encoding="UTF-8"?>
<!-- Generated by org.testng.reporters.JUnitReportReporter -->
<testsuite hostname="LAPTOP-4R1H9S23" failures="0" tests="3" name="testCases.TC_003_loginDDT_test" time="6.875" errors="0" timestamp="2025-10-18T13:13:09 IST" skipped="0">
  <testcase classname="testCases.TC_003_loginDDT_test" name="verify_loginDDT" time="1.551"/>
  <testcase classname="testCases.TC_003_loginDDT_test" name="verify_loginDDT" time="1.397"/>
  <testcase classname="testCases.TC_003_loginDDT_test" name="verify_loginDDT" time="3.927"/>
</testsuite> <!-- testCases.TC_003_loginDDT_test -->
