<?xml version="1.0" encoding="UTF-8"?>
<!-- Generated by org.testng.reporters.JUnitReportReporter -->
<testsuite hostname="LAPTOP-4R1H9S23" failures="0" tests="1" name="testCases.TC_002_login_test" time="11.630" errors="0" timestamp="2025-10-19T18:57:45 IST" skipped="0">
  <testcase classname="testCases.TC_002_login_test" name="verify_login" time="11.630"/>
</testsuite> <!-- testCases.TC_002_login_test -->
